{"/Users/asimanqedirov/Desktop/personal-folders/enterprise-ui-test/examples/vite-project/src/counter/counter.tsx": {"path":"/Users/asimanqedirov/Desktop/personal-folders/enterprise-ui-test/examples/vite-project/src/counter/counter.tsx","statementMap":{"0":{"start":{"line":8,"column":28},"end":{"line":8,"column":null}},"1":{"start":{"line":9,"column":2},"end":{"line":24,"column":null}},"2":{"start":{"line":13,"column":53},"end":{"line":13,"column":74}},"3":{"start":{"line":17,"column":53},"end":{"line":17,"column":74}},"4":{"start":{"line":21,"column":42},"end":{"line":21,"column":66}}},"fnMap":{"0":{"name":"Counter","decl":{"start":{"line":3,"column":24},"end":{"line":3,"column":32}},"loc":{"start":{"line":7,"column":3},"end":{"line":26,"column":null}},"line":7},"1":{"name":"(anonymous_1)","decl":{"start":{"line":13,"column":47},"end":{"line":13,"column":53}},"loc":{"start":{"line":13,"column":53},"end":{"line":13,"column":74}},"line":13},"2":{"name":"(anonymous_2)","decl":{"start":{"line":17,"column":47},"end":{"line":17,"column":53}},"loc":{"start":{"line":17,"column":53},"end":{"line":17,"column":74}},"line":17},"3":{"name":"(anonymous_3)","decl":{"start":{"line":21,"column":36},"end":{"line":21,"column":42}},"loc":{"start":{"line":21,"column":42},"end":{"line":21,"column":66}},"line":21}},"branchMap":{"0":{"loc":{"start":{"line":4,"column":2},"end":{"line":4,"column":null}},"type":"default-arg","locations":[{"start":{"line":4,"column":17},"end":{"line":4,"column":null}}],"line":4}},"s":{"0":6,"1":6,"2":3,"3":1,"4":0},"f":{"0":6,"1":3,"2":1,"3":0},"b":{"0":[6]},"meta":{"lastBranch":1,"lastFunction":4,"lastStatement":5,"seen":{"f:3:24:3:32":0,"b:4:17:4:Infinity":0,"s:8:28:8:Infinity":0,"s:9:2:24:Infinity":1,"f:13:47:13:53":1,"s:13:53:13:74":2,"f:17:47:17:53":2,"s:17:53:17:74":3,"f:21:36:21:42":3,"s:21:42:21:66":4}}}
}
